[debug] [2023-05-04T06:30:23.838Z] ----------------------------------------------------------------------
[debug] [2023-05-04T06:30:23.840Z] Command:       C:\Program Files\nodejs\node.exe C:\Users\prashant.naiker\AppData\Roaming\npm\node_modules\firebase-tools\lib\bin\firebase.js init
[debug] [2023-05-04T06:30:23.840Z] CLI Version:   11.30.0
[debug] [2023-05-04T06:30:23.840Z] Platform:      win32
[debug] [2023-05-04T06:30:23.840Z] Node Version:  v18.15.0
[debug] [2023-05-04T06:30:23.843Z] Time:          Thu May 04 2023 12:00:23 GMT+0530 (India Standard Time)
[debug] [2023-05-04T06:30:23.843Z] ----------------------------------------------------------------------
[debug] 
[debug] [2023-05-04T06:30:23.920Z] > command requires scopes: ["email","openid","https://www.googleapis.com/auth/cloudplatformprojects.readonly","https://www.googleapis.com/auth/firebase","https://www.googleapis.com/auth/cloud-platform"]
[debug] [2023-05-04T06:30:23.921Z] > authorizing via signed-in user (prashantnaiker9@gmail.com)
[info] 
     ######## #### ########  ######## ########     ###     ######  ########
     ##        ##  ##     ## ##       ##     ##  ##   ##  ##       ##
     ######    ##  ########  ######   ########  #########  ######  ######
     ##        ##  ##    ##  ##       ##     ## ##     ##       ## ##
     ##       #### ##     ## ######## ########  ##     ##  ######  ########

You're about to initialize a Firebase project in this directory:

  C:\Users\prashant.naiker\Desktop\SmartParkingFrontend

Before we get started, keep in mind:

  * You are initializing within an existing Firebase project directory

[info] 
=== Project Setup
[info] 
[info] First, let's associate this project directory with a Firebase project.
[info] You can create multiple project aliases by running firebase use --add, 
[info] but for now we'll just set up a default project.
[info] 
[debug] [2023-05-04T06:31:10.944Z] Using project from CLI flag: gsp-am
[debug] [2023-05-04T06:31:10.947Z] >>> [apiv2][query] GET https://firebase.googleapis.com/v1beta1/projects/gsp-am [none]
[debug] [2023-05-04T06:31:11.616Z] <<< [apiv2][status] GET https://firebase.googleapis.com/v1beta1/projects/gsp-am 200
[debug] [2023-05-04T06:31:11.617Z] <<< [apiv2][body] GET https://firebase.googleapis.com/v1beta1/projects/gsp-am {"projectId":"gsp-am","projectNumber":"804549088227","displayName":"GSP-AM","name":"projects/gsp-am","resources":{"hostingSite":"gsp-am"},"state":"ACTIVE","etag":"1_2a2821bb-f283-48f6-ae02-3ebfc806be2f"}
[info] i  Using project gsp-am (GSP-AM) 
[info] 
=== Hosting Setup
[info] 
[info] Your public directory is the folder (relative to your project directory) that
[info] will contain Hosting assets to be uploaded with firebase deploy. If you
[info] have a build process for your assets, use your build's output directory.
[info] 
